Sun Feb 18 14:00:01 WAT 2024
              total        used        free      shared  buff/cache   available
Mem:         977028      189124       99112         888      688792      606352
Swap:             0           0           0
..................
Sun Feb 18 15:00:01 WAT 2024
              total        used        free      shared  buff/cache   available
Mem:         977028      188912       99112         888      689004      606560
Swap:             0           0           0
..................
Sun Feb 18 16:00:01 WAT 2024
              total        used        free      shared  buff/cache   available
Mem:         977028      182184       98620         892      696224      613288
Swap:             0           0           0
..................
Sun Feb 18 17:00:01 WAT 2024
              total        used        free      shared  buff/cache   available
Mem:         977028      181804       98620         892      696604      613664
Swap:             0           0           0
..................
Sun Feb 18 18:00:01 WAT 2024
              total        used        free      shared  buff/cache   available
Mem:         977028      181572       98620         888      696836      613904
Swap:             0           0           0
..................
Sun Feb 18 19:00:01 WAT 2024
              total        used        free      shared  buff/cache   available
Mem:         977028      181300       98620         888      697108      614172
Swap:             0           0           0
..................
Sun Feb 18 20:00:01 WAT 2024
              total        used        free      shared  buff/cache   available
Mem:         977028      180952       98620         888      697456      614516
Swap:             0           0           0
..................
Sun Feb 18 21:00:01 WAT 2024
              total        used        free      shared  buff/cache   available
Mem:         977028      187668       90808         888      698552      607736
Swap:             0           0           0
..................
Sun Feb 18 22:00:01 WAT 2024
              total        used        free      shared  buff/cache   available
Mem:         977028      187096       90808         888      699124      608308
Swap:             0           0           0
..................
Sun Feb 18 23:00:01 WAT 2024
              total        used        free      shared  buff/cache   available
Mem:         977028      186800       90808         888      699420      608604
Swap:             0           0           0
..................
Mon Feb 19 00:00:01 WAT 2024
              total        used        free      shared  buff/cache   available
Mem:         977028      186408       90808         888      699812      608996
Swap:             0           0           0
..................
Mon Feb 19 01:00:01 WAT 2024
              total        used        free      shared  buff/cache   available
Mem:         977028      184516       90808         888      701704      610908
Swap:             0           0           0
..................
